########### array before sorts ###########
0	0.762000	17.983200	96.697800	18.008600	n
1	97.459800	18.770600	97.459800	79.222600	n
2	96.697800	79.984600	0.762000	79.984600	n
3	0.000000	79.222600	0.000000	18.770600	n
4	0.000000	79.222600	0.025965	79.419820	n
5	0.025965	79.419820	0.102089	79.603600	n
6	0.102089	79.603600	0.223185	79.761415	n
7	0.223185	79.761415	0.381000	79.882511	n
8	0.381000	79.882511	0.564780	79.958635	n
9	0.564780	79.958635	0.762000	79.984600	n
10	0.000000	18.770600	0.023111	18.569660	n
11	0.023111	18.569660	0.097441	18.381549	n
12	0.097441	18.381549	0.217925	18.219085	n
13	0.217925	18.219085	0.376352	18.093341	n
14	0.376352	18.093341	0.561926	18.012885	n
15	0.561926	18.012885	0.762000	17.983200	n
16	96.697800	79.984600	96.895020	79.958635	n
17	96.895020	79.958635	97.078800	79.882511	n
18	97.078800	79.882511	97.236615	79.761415	n
19	97.236615	79.761415	97.357711	79.603600	n
20	97.357711	79.603600	97.433835	79.419820	n
21	97.433835	79.419820	97.459800	79.222600	n
22	97.459800	18.770600	97.433835	18.573380	n
23	97.433835	18.573380	97.357711	18.389600	n
24	97.357711	18.389600	97.236615	18.231785	n
25	97.236615	18.231785	97.078800	18.110689	n
26	97.078800	18.110689	96.895020	18.034565	n
27	96.895020	18.034565	96.697800	18.008600	n
Tolerance=0.050000.
*Exact match for i=0 and j=27.
*i point 0.762000	17.983200	96.697800	18.008600	y
	*Before flip 	96.895020	18.034565	96.697800	18.008600	y
	*After flip 	96.697800	18.008600	96.895020	18.034565	y
*Exact match for i=1 and j=26.
*i point 96.697800	18.008600	96.895020	18.034565	y
	*Before flip 	97.078800	18.110689	96.895020	18.034565	y
	*After flip 	96.895020	18.034565	97.078800	18.110689	y
*Exact match for i=2 and j=25.
*i point 96.895020	18.034565	97.078800	18.110689	y
	*Before flip 	97.236615	18.231785	97.078800	18.110689	y
	*After flip 	97.078800	18.110689	97.236615	18.231785	y
*Exact match for i=3 and j=24.
*i point 97.078800	18.110689	97.236615	18.231785	y
	*Before flip 	97.357711	18.389600	97.236615	18.231785	y
	*After flip 	97.236615	18.231785	97.357711	18.389600	y
*Exact match for i=4 and j=23.
*i point 97.236615	18.231785	97.357711	18.389600	y
	*Before flip 	97.433835	18.573380	97.357711	18.389600	y
	*After flip 	97.357711	18.389600	97.433835	18.573380	y
*Exact match for i=5 and j=22.
*i point 97.357711	18.389600	97.433835	18.573380	y
	*Before flip 	97.459800	18.770600	97.433835	18.573380	y
	*After flip 	97.433835	18.573380	97.459800	18.770600	y
*Exact match for i=6 and j=27.
*i point 97.433835	18.573380	97.459800	18.770600	y
*Exact match for i=7 and j=21.
*i point 97.459800	18.770600	97.459800	79.222600	y
	*Before flip 	97.433835	79.419820	97.459800	79.222600	y
	*After flip 	97.459800	79.222600	97.433835	79.419820	y
*Exact match for i=8 and j=20.
*i point 97.459800	79.222600	97.433835	79.419820	y
	*Before flip 	97.357711	79.603600	97.433835	79.419820	y
	*After flip 	97.433835	79.419820	97.357711	79.603600	y
*Exact match for i=9 and j=19.
*i point 97.433835	79.419820	97.357711	79.603600	y
	*Before flip 	97.236615	79.761415	97.357711	79.603600	y
	*After flip 	97.357711	79.603600	97.236615	79.761415	y
*Exact match for i=10 and j=18.
*i point 97.357711	79.603600	97.236615	79.761415	y
	*Before flip 	97.078800	79.882511	97.236615	79.761415	y
	*After flip 	97.236615	79.761415	97.078800	79.882511	y
*Exact match for i=11 and j=17.
*i point 97.236615	79.761415	97.078800	79.882511	y
	*Before flip 	96.895020	79.958635	97.078800	79.882511	y
	*After flip 	97.078800	79.882511	96.895020	79.958635	y
*Exact match for i=12 and j=16.
*i point 97.078800	79.882511	96.895020	79.958635	y
	*Before flip 	96.697800	79.984600	96.895020	79.958635	y
	*After flip 	96.895020	79.958635	96.697800	79.984600	y
*Exact match for i=13 and j=26.
*i point 96.895020	79.958635	96.697800	79.984600	y
*Exact match for i=14 and j=20.
*i point 96.697800	79.984600	0.762000	79.984600	y
	*Before flip 	0.564780	79.958635	0.762000	79.984600	y
	*After flip 	0.762000	79.984600	0.564780	79.958635	y
*Exact match for i=15 and j=21.
*i point 0.762000	79.984600	0.564780	79.958635	y
	*Before flip 	0.381000	79.882511	0.564780	79.958635	y
	*After flip 	0.564780	79.958635	0.381000	79.882511	y
*Exact match for i=16 and j=27.
*i point 0.564780	79.958635	0.381000	79.882511	y
	*Before flip 	0.223185	79.761415	0.381000	79.882511	y
	*After flip 	0.381000	79.882511	0.223185	79.761415	y
*Exact match for i=17 and j=22.
*i point 0.381000	79.882511	0.223185	79.761415	y
	*Before flip 	0.102089	79.603600	0.223185	79.761415	y
	*After flip 	0.223185	79.761415	0.102089	79.603600	y
*Exact match for i=18 and j=23.
*i point 0.223185	79.761415	0.102089	79.603600	y
	*Before flip 	0.025965	79.419820	0.102089	79.603600	y
	*After flip 	0.102089	79.603600	0.025965	79.419820	y
*Exact match for i=19 and j=24.
*i point 0.102089	79.603600	0.025965	79.419820	y
	*Before flip 	0.000000	79.222600	0.025965	79.419820	y
	*After flip 	0.025965	79.419820	0.000000	79.222600	y
*Exact match for i=20 and j=25.
*i point 0.025965	79.419820	0.000000	79.222600	y
*Exact match for i=21 and j=23.
*i point 0.000000	79.222600	0.000000	18.770600	y
*Exact match for i=22 and j=23.
*i point 0.000000	18.770600	0.023111	18.569660	y
*Exact match for i=23 and j=27.
*i point 0.023111	18.569660	0.097441	18.381549	y
*Exact match for i=24 and j=25.
*i point 0.097441	18.381549	0.217925	18.219085	y
*Exact match for i=25 and j=26.
*i point 0.217925	18.219085	0.376352	18.093341	y
*Exact match for i=26 and j=27.
*i point 0.376352	18.093341	0.561926	18.012885	y
########### array after sorts ###########
0	0.762000	17.983200	96.697800	18.008600	y
1	96.697800	18.008600	96.895020	18.034565	y
2	96.895020	18.034565	97.078800	18.110689	y
3	97.078800	18.110689	97.236615	18.231785	y
4	97.236615	18.231785	97.357711	18.389600	y
5	97.357711	18.389600	97.433835	18.573380	y
6	97.433835	18.573380	97.459800	18.770600	y
7	97.459800	18.770600	97.459800	79.222600	y
8	97.459800	79.222600	97.433835	79.419820	y
9	97.433835	79.419820	97.357711	79.603600	y
10	97.357711	79.603600	97.236615	79.761415	y
11	97.236615	79.761415	97.078800	79.882511	y
12	97.078800	79.882511	96.895020	79.958635	y
13	96.895020	79.958635	96.697800	79.984600	y
14	96.697800	79.984600	0.762000	79.984600	y
15	0.762000	79.984600	0.564780	79.958635	y
16	0.564780	79.958635	0.381000	79.882511	y
17	0.381000	79.882511	0.223185	79.761415	y
18	0.223185	79.761415	0.102089	79.603600	y
19	0.102089	79.603600	0.025965	79.419820	y
20	0.025965	79.419820	0.000000	79.222600	y
21	0.000000	79.222600	0.000000	18.770600	y
22	0.000000	18.770600	0.023111	18.569660	y
23	0.023111	18.569660	0.097441	18.381549	y
24	0.097441	18.381549	0.217925	18.219085	y
25	0.217925	18.219085	0.376352	18.093341	y
26	0.376352	18.093341	0.561926	18.012885	y
27	0.561926	18.012885	0.762000	17.983200	y
***************
.BOARD_OUTLINE UNOWNED
1.6
0     0.762000     17.983200     0
0     96.697800     18.008600     0
0     96.895020     18.034565     0
0     97.078800     18.110689     0
0     97.236615     18.231785     0
0     97.357711     18.389600     0
0     97.433835     18.573380     0
0     97.459800     18.770600     0
0     97.459800     79.222600     0
0     97.433835     79.419820     0
0     97.357711     79.603600     0
0     97.236615     79.761415     0
0     97.078800     79.882511     0
0     96.895020     79.958635     0
0     96.697800     79.984600     0
0     0.762000     79.984600     0
0     0.564780     79.958635     0
0     0.381000     79.882511     0
0     0.223185     79.761415     0
0     0.102089     79.603600     0
0     0.025965     79.419820     0
0     0.000000     79.222600     0
0     0.000000     18.770600     0
0     0.023111     18.569660     0
0     0.097441     18.381549     0
0     0.217925     18.219085     0
0     0.376352     18.093341     0
0     0.561926     18.012885     0
0     0.762000     17.983200     0
